<?xml version="1.0" encoding="UTF-8"?>

<beans xmlns="http://www.springframework.org/schema/beans"
       xmlns:xsi="http://www.w3.org/2001/XMLSchema-instance"
       xsi:schemaLocation="http://www.springframework.org/schema/beans
       http://www.springframework.org/schema/beans/spring-beans-3.2.xsd">

    <bean id="couponDS" class="org.springframework.jdbc.datasource.DriverManagerDataSource">
        <property name="url" value="jdbc:mysql://localhost:3306/couponJava"/>
        <!--<property name="url" value="jdbc:oracle:thin:@careerdb03.qa.aptimus.net:1521:q3career"/>-->
        <property name="driverClassName" value="com.mysql.jdbc.Driver"/>
        <property name="username" value="root"/>
        <property name="password" value=""/>
    </bean>
    
    <import resource="classpath*:Coupon-persistence-appContext.xml"/>
 </beans>